
> frontend@0.1.0 start /home/marcio/Desktop/ProjetoOngSemana11/frontend
> react-scripts start

[34mℹ[39m [90m｢wds｣[39m: Project is running at http://192.168.100.17/
[34mℹ[39m [90m｢wds｣[39m: webpack output is served from 
[34mℹ[39m [90m｢wds｣[39m: Content not from webpack is served from /home/marcio/Desktop/ProjetoOngSemana11/frontend/public
[34mℹ[39m [90m｢wds｣[39m: 404s will fallback to /
Starting the development server...

events.js:288
      throw er; // Unhandled 'error' event
      ^

Error: EBADF: bad file descriptor, read
Emitted 'error' event on ReadStream instance at:
    at internal/fs/streams.js:186:12
    at FSReqCallback.wrapper [as oncomplete] (fs.js:487:5) {
  errno: -9,
  code: 'EBADF',
  syscall: 'read'
}
npm ERR! code ELIFECYCLE
npm ERR! errno 1
npm ERR! frontend@0.1.0 start: `react-scripts start`
npm ERR! Exit status 1
npm ERR! 
npm ERR! Failed at the frontend@0.1.0 start script.
npm ERR! This is probably not a problem with npm. There is likely additional logging output above.

npm ERR! A complete log of this run can be found in:
npm ERR!     /home/marcio/.npm/_logs/2020-03-26T22_44_39_639Z-debug.log
